2021-04-13 16:17:37.612  INFO 10508 --- [main] com.yhsx.YhsxwebApplication              : Starting YhsxwebApplication on DESKTOP-V9NOFNK with PID 10508 (G:\yhsxtest\yhsxweb\target\classes started by 86134 in G:\yhsxtest\yhsxweb)
2021-04-13 16:17:37.632  INFO 10508 --- [main] com.yhsx.YhsxwebApplication              : The following profiles are active: test
2021-04-13 16:17:39.955  INFO 10508 --- [main] .s.d.r.c.RepositoryConfigurationDelegate : Bootstrapping Spring Data repositories in DEFAULT mode.
2021-04-13 16:17:40.095  INFO 10508 --- [main] .s.d.r.c.RepositoryConfigurationDelegate : Finished Spring Data repository scanning in 116ms. Found 3 repository interfaces.
2021-04-13 16:17:40.297  WARN 10508 --- [main] o.m.s.mapper.ClassPathMapperScanner      : Skipping MapperFactoryBean with name 'sysPermissionRepository' and 'com.yhsx.dao.SysPermissionRepository' mapperInterface. Bean already defined with the same name!
2021-04-13 16:17:40.298  WARN 10508 --- [main] o.m.s.mapper.ClassPathMapperScanner      : Skipping MapperFactoryBean with name 'sysRoleRepository' and 'com.yhsx.dao.SysRoleRepository' mapperInterface. Bean already defined with the same name!
2021-04-13 16:17:40.298  WARN 10508 --- [main] o.m.s.mapper.ClassPathMapperScanner      : Skipping MapperFactoryBean with name 'userRepository' and 'com.yhsx.dao.UserRepository' mapperInterface. Bean already defined with the same name!
2021-04-13 16:17:40.654  INFO 10508 --- [main] trationDelegate$BeanPostProcessorChecker : Bean 'org.springframework.transaction.annotation.ProxyTransactionManagementConfiguration' of type [org.springframework.transaction.annotation.ProxyTransactionManagementConfiguration] is not eligible for getting processed by all BeanPostProcessors (for example: not eligible for auto-proxying)
2021-04-13 16:17:40.686  INFO 10508 --- [main] trationDelegate$BeanPostProcessorChecker : Bean 'shiroSpringConfig' of type [com.yhsx.config.ShiroSpringConfig$$EnhancerBySpringCGLIB$$8319077d] is not eligible for getting processed by all BeanPostProcessors (for example: not eligible for auto-proxying)
2021-04-13 16:17:40.925  INFO 10508 --- [main] trationDelegate$BeanPostProcessorChecker : Bean 'hashedCredentialsMatcher' of type [org.apache.shiro.authc.credential.HashedCredentialsMatcher] is not eligible for getting processed by all BeanPostProcessors (for example: not eligible for auto-proxying)
2021-04-13 16:17:40.987  INFO 10508 --- [main] trationDelegate$BeanPostProcessorChecker : Bean '(inner bean)#43826ec' of type [org.springframework.beans.factory.config.PropertiesFactoryBean] is not eligible for getting processed by all BeanPostProcessors (for example: not eligible for auto-proxying)
2021-04-13 16:17:40.988  INFO 10508 --- [main] trationDelegate$BeanPostProcessorChecker : Bean '(inner bean)#43826ec' of type [java.util.Properties] is not eligible for getting processed by all BeanPostProcessors (for example: not eligible for auto-proxying)
2021-04-13 16:17:40.989  INFO 10508 --- [main] trationDelegate$BeanPostProcessorChecker : Bean '(inner bean)#6b3871d6' of type [org.springframework.data.repository.core.support.PropertiesBasedNamedQueries] is not eligible for getting processed by all BeanPostProcessors (for example: not eligible for auto-proxying)
2021-04-13 16:17:40.992  INFO 10508 --- [main] trationDelegate$BeanPostProcessorChecker : Bean '(inner bean)#4c0884e8' of type [org.springframework.data.repository.core.support.RepositoryFragmentsFactoryBean] is not eligible for getting processed by all BeanPostProcessors (for example: not eligible for auto-proxying)
2021-04-13 16:17:40.994  INFO 10508 --- [main] trationDelegate$BeanPostProcessorChecker : Bean '(inner bean)#4c0884e8' of type [org.springframework.data.repository.core.support.RepositoryComposition$RepositoryFragments] is not eligible for getting processed by all BeanPostProcessors (for example: not eligible for auto-proxying)
2021-04-13 16:17:41.002  INFO 10508 --- [main] trationDelegate$BeanPostProcessorChecker : Bean 'org.springframework.boot.autoconfigure.jdbc.DataSourceConfiguration$Hikari' of type [org.springframework.boot.autoconfigure.jdbc.DataSourceConfiguration$Hikari] is not eligible for getting processed by all BeanPostProcessors (for example: not eligible for auto-proxying)
2021-04-13 16:17:41.028  INFO 10508 --- [main] trationDelegate$BeanPostProcessorChecker : Bean 'spring.datasource-org.springframework.boot.autoconfigure.jdbc.DataSourceProperties' of type [org.springframework.boot.autoconfigure.jdbc.DataSourceProperties] is not eligible for getting processed by all BeanPostProcessors (for example: not eligible for auto-proxying)
2021-04-13 16:17:41.083  INFO 10508 --- [main] trationDelegate$BeanPostProcessorChecker : Bean 'dataSource' of type [com.zaxxer.hikari.HikariDataSource] is not eligible for getting processed by all BeanPostProcessors (for example: not eligible for auto-proxying)
2021-04-13 16:17:41.092  INFO 10508 --- [main] trationDelegate$BeanPostProcessorChecker : Bean 'org.springframework.boot.autoconfigure.jdbc.DataSourceInitializerInvoker' of type [org.springframework.boot.autoconfigure.jdbc.DataSourceInitializerInvoker] is not eligible for getting processed by all BeanPostProcessors (for example: not eligible for auto-proxying)
2021-04-13 16:17:41.097  INFO 10508 --- [main] trationDelegate$BeanPostProcessorChecker : Bean 'spring.jpa-org.springframework.boot.autoconfigure.orm.jpa.JpaProperties' of type [org.springframework.boot.autoconfigure.orm.jpa.JpaProperties] is not eligible for getting processed by all BeanPostProcessors (for example: not eligible for auto-proxying)
2021-04-13 16:17:41.101  INFO 10508 --- [main] trationDelegate$BeanPostProcessorChecker : Bean 'spring.jpa.hibernate-org.springframework.boot.autoconfigure.orm.jpa.HibernateProperties' of type [org.springframework.boot.autoconfigure.orm.jpa.HibernateProperties] is not eligible for getting processed by all BeanPostProcessors (for example: not eligible for auto-proxying)
2021-04-13 16:17:41.106  INFO 10508 --- [main] trationDelegate$BeanPostProcessorChecker : Bean 'org.springframework.boot.autoconfigure.jdbc.metadata.DataSourcePoolMetadataProvidersConfiguration$HikariPoolDataSourceMetadataProviderConfiguration' of type [org.springframework.boot.autoconfigure.jdbc.metadata.DataSourcePoolMetadataProvidersConfiguration$HikariPoolDataSourceMetadataProviderConfiguration] is not eligible for getting processed by all BeanPostProcessors (for example: not eligible for auto-proxying)
2021-04-13 16:17:41.107  INFO 10508 --- [main] trationDelegate$BeanPostProcessorChecker : Bean 'hikariPoolDataSourceMetadataProvider' of type [org.springframework.boot.autoconfigure.jdbc.metadata.DataSourcePoolMetadataProvidersConfiguration$HikariPoolDataSourceMetadataProviderConfiguration$$Lambda$383/995531141] is not eligible for getting processed by all BeanPostProcessors (for example: not eligible for auto-proxying)
2021-04-13 16:17:41.126  INFO 10508 --- [main] trationDelegate$BeanPostProcessorChecker : Bean 'org.springframework.boot.autoconfigure.orm.jpa.HibernateJpaConfiguration' of type [org.springframework.boot.autoconfigure.orm.jpa.HibernateJpaConfiguration] is not eligible for getting processed by all BeanPostProcessors (for example: not eligible for auto-proxying)
2021-04-13 16:17:41.224  INFO 10508 --- [main] trationDelegate$BeanPostProcessorChecker : Bean 'jpaVendorAdapter' of type [org.springframework.orm.jpa.vendor.HibernateJpaVendorAdapter] is not eligible for getting processed by all BeanPostProcessors (for example: not eligible for auto-proxying)
2021-04-13 16:17:41.244  INFO 10508 --- [main] trationDelegate$BeanPostProcessorChecker : Bean 'entityManagerFactoryBuilder' of type [org.springframework.boot.orm.jpa.EntityManagerFactoryBuilder] is not eligible for getting processed by all BeanPostProcessors (for example: not eligible for auto-proxying)
2021-04-13 16:17:41.373  INFO 10508 --- [main] o.hibernate.jpa.internal.util.LogHelper  : HHH000204: Processing PersistenceUnitInfo [name: default]
2021-04-13 16:17:41.556  INFO 10508 --- [main] org.hibernate.Version                    : HHH000412: Hibernate Core {5.4.6.Final}
2021-04-13 16:17:41.921  INFO 10508 --- [main] o.hibernate.annotations.common.Version   : HCANN000001: Hibernate Commons Annotations {5.1.0.Final}
2021-04-13 16:17:42.126  INFO 10508 --- [main] com.zaxxer.hikari.HikariDataSource       : HikariPool-1 - Starting...
2021-04-13 16:17:43.304  INFO 10508 --- [main] com.zaxxer.hikari.HikariDataSource       : HikariPool-1 - Start completed.
2021-04-13 16:17:43.323  INFO 10508 --- [main] org.hibernate.dialect.Dialect            : HHH000400: Using dialect: org.hibernate.dialect.MySQL5Dialect
2021-04-13 16:17:48.053  INFO 10508 --- [main] o.h.e.t.j.p.i.JtaPlatformInitiator       : HHH000490: Using JtaPlatform implementation: [org.hibernate.engine.transaction.jta.platform.internal.NoJtaPlatform]
2021-04-13 16:17:48.082  INFO 10508 --- [main] j.LocalContainerEntityManagerFactoryBean : Initialized JPA EntityManagerFactory for persistence unit 'default'
2021-04-13 16:17:48.088  INFO 10508 --- [main] trationDelegate$BeanPostProcessorChecker : Bean 'entityManagerFactory' of type [org.springframework.orm.jpa.LocalContainerEntityManagerFactoryBean] is not eligible for getting processed by all BeanPostProcessors (for example: not eligible for auto-proxying)
2021-04-13 16:17:48.089  INFO 10508 --- [main] trationDelegate$BeanPostProcessorChecker : Bean 'entityManagerFactory' of type [com.sun.proxy.$Proxy89] is not eligible for getting processed by all BeanPostProcessors (for example: not eligible for auto-proxying)
2021-04-13 16:17:48.107  INFO 10508 --- [main] trationDelegate$BeanPostProcessorChecker : Bean '(inner bean)#303a5119' of type [com.sun.proxy.$Proxy90] is not eligible for getting processed by all BeanPostProcessors (for example: not eligible for auto-proxying)
2021-04-13 16:17:48.150  INFO 10508 --- [main] trationDelegate$BeanPostProcessorChecker : Bean 'jpaMappingContext' of type [org.springframework.data.jpa.repository.config.JpaMetamodelMappingContextFactoryBean] is not eligible for getting processed by all BeanPostProcessors (for example: not eligible for auto-proxying)
2021-04-13 16:17:48.150  INFO 10508 --- [main] trationDelegate$BeanPostProcessorChecker : Bean 'jpaMappingContext' of type [org.springframework.data.jpa.mapping.JpaMetamodelMappingContext] is not eligible for getting processed by all BeanPostProcessors (for example: not eligible for auto-proxying)
2021-04-13 16:17:48.739  INFO 10508 --- [main] trationDelegate$BeanPostProcessorChecker : Bean 'userRepository' of type [org.springframework.data.jpa.repository.support.JpaRepositoryFactoryBean] is not eligible for getting processed by all BeanPostProcessors (for example: not eligible for auto-proxying)
2021-04-13 16:17:48.740  INFO 10508 --- [main] trationDelegate$BeanPostProcessorChecker : Bean 'userRepository' of type [com.sun.proxy.$Proxy106] is not eligible for getting processed by all BeanPostProcessors (for example: not eligible for auto-proxying)
2021-04-13 16:17:48.757  INFO 10508 --- [main] trationDelegate$BeanPostProcessorChecker : Bean 'mybatis-org.mybatis.spring.boot.autoconfigure.MybatisProperties' of type [org.mybatis.spring.boot.autoconfigure.MybatisProperties] is not eligible for getting processed by all BeanPostProcessors (for example: not eligible for auto-proxying)
2021-04-13 16:17:48.761  INFO 10508 --- [main] trationDelegate$BeanPostProcessorChecker : Bean 'org.mybatis.spring.boot.autoconfigure.MybatisAutoConfiguration' of type [org.mybatis.spring.boot.autoconfigure.MybatisAutoConfiguration$$EnhancerBySpringCGLIB$$eaa66e67] is not eligible for getting processed by all BeanPostProcessors (for example: not eligible for auto-proxying)
2021-04-13 16:17:49.106  INFO 10508 --- [main] trationDelegate$BeanPostProcessorChecker : Bean 'sqlSessionFactory' of type [org.apache.ibatis.session.defaults.DefaultSqlSessionFactory] is not eligible for getting processed by all BeanPostProcessors (for example: not eligible for auto-proxying)
2021-04-13 16:17:49.121  INFO 10508 --- [main] trationDelegate$BeanPostProcessorChecker : Bean 'sqlSessionTemplate' of type [org.mybatis.spring.SqlSessionTemplate] is not eligible for getting processed by all BeanPostProcessors (for example: not eligible for auto-proxying)
2021-04-13 16:17:49.123  INFO 10508 --- [main] trationDelegate$BeanPostProcessorChecker : Bean 'userMapper' of type [org.mybatis.spring.mapper.MapperFactoryBean] is not eligible for getting processed by all BeanPostProcessors (for example: not eligible for auto-proxying)
2021-04-13 16:17:49.125  INFO 10508 --- [main] trationDelegate$BeanPostProcessorChecker : Bean 'userMapper' of type [com.sun.proxy.$Proxy113] is not eligible for getting processed by all BeanPostProcessors (for example: not eligible for auto-proxying)
2021-04-13 16:17:49.125  INFO 10508 --- [main] trationDelegate$BeanPostProcessorChecker : Bean 'userServiceImpl' of type [com.yhsx.service.impl.UserServiceImpl] is not eligible for getting processed by all BeanPostProcessors (for example: not eligible for auto-proxying)
2021-04-13 16:17:49.125  INFO 10508 --- [main] trationDelegate$BeanPostProcessorChecker : Bean 'itDragonShiroRealm' of type [com.yhsx.config.YhsxShiroRealm] is not eligible for getting processed by all BeanPostProcessors (for example: not eligible for auto-proxying)
2021-04-13 16:17:49.145  INFO 10508 --- [main] trationDelegate$BeanPostProcessorChecker : Bean 'securityManager' of type [org.apache.shiro.web.mgt.DefaultWebSecurityManager] is not eligible for getting processed by all BeanPostProcessors (for example: not eligible for auto-proxying)
2021-04-13 16:17:49.156  INFO 10508 --- [main] trationDelegate$BeanPostProcessorChecker : Bean 'authorizationAttributeSourceAdvisor' of type [org.apache.shiro.spring.security.interceptor.AuthorizationAttributeSourceAdvisor] is not eligible for getting processed by all BeanPostProcessors (for example: not eligible for auto-proxying)
2021-04-13 16:17:49.157  INFO 10508 --- [main] com.yhsx.config.ShiroSpringConfig        : ^^^^^^^^^^^^^^^^^^^^ ITDragon 配置Shiro拦截工厂
2021-04-13 16:17:49.658  INFO 10508 --- [main] o.s.b.w.embedded.tomcat.TomcatWebServer  : Tomcat initialized with port(s): 8764 (http)
2021-04-13 16:17:49.677  INFO 10508 --- [main] o.apache.catalina.core.StandardService   : Starting service [Tomcat]
2021-04-13 16:17:49.678  INFO 10508 --- [main] org.apache.catalina.core.StandardEngine  : Starting Servlet engine: [Apache Tomcat/9.0.27]
2021-04-13 16:17:50.088  INFO 10508 --- [main] org.apache.jasper.servlet.TldScanner     : At least one JAR was scanned for TLDs yet contained no TLDs. Enable debug logging for this logger for a complete list of JARs that were scanned but no TLDs were found in them. Skipping unneeded JARs during scanning can improve startup time and JSP compilation time.
2021-04-13 16:17:50.092  INFO 10508 --- [main] o.a.c.c.C.[Tomcat].[localhost].[/]       : Initializing Spring embedded WebApplicationContext
2021-04-13 16:17:50.092  INFO 10508 --- [main] o.s.web.context.ContextLoader            : Root WebApplicationContext: initialization completed in 12263 ms
2021-04-13 16:17:50.390  WARN 10508 --- [main] JpaBaseConfiguration$JpaWebConfiguration : spring.jpa.open-in-view is enabled by default. Therefore, database queries may be performed during view rendering. Explicitly configure spring.jpa.open-in-view to disable this warning
2021-04-13 16:17:50.666  INFO 10508 --- [main] o.s.s.concurrent.ThreadPoolTaskExecutor  : Initializing ExecutorService 'applicationTaskExecutor'
2021-04-13 16:17:50.974  INFO 10508 --- [main] o.s.b.a.w.s.WelcomePageHandlerMapping    : Adding welcome page template: index
2021-04-13 16:17:51.240  INFO 10508 --- [main] o.s.b.w.embedded.tomcat.TomcatWebServer  : Tomcat started on port(s): 8764 (http) with context path ''
2021-04-13 16:17:51.241  INFO 10508 --- [main] com.yhsx.YhsxwebApplication              : Started YhsxwebApplication in 15.703 seconds (JVM running for 18.808)
2021-04-13 16:22:23.978  INFO 10508 --- [http-nio-8764-exec-3] o.a.c.c.C.[Tomcat].[localhost].[/]       : Initializing Spring DispatcherServlet 'dispatcherServlet'
2021-04-13 16:22:23.979  INFO 10508 --- [http-nio-8764-exec-3] o.s.web.servlet.DispatcherServlet        : Initializing Servlet 'dispatcherServlet'
2021-04-13 16:22:24.007  INFO 10508 --- [http-nio-8764-exec-3] o.s.web.servlet.DispatcherServlet        : Completed initialization in 28 ms
